<?xml version="1.0" encoding="UTF-8"?>
<testng-results ignored="0" total="6" passed="5" failed="1" skipped="0">
  <reporter-output>
  </reporter-output>
  <suite started-at="2022-11-30T12:03:44 IST" name="Default suite" finished-at="2022-11-30T12:06:01 IST" duration-ms="137155">
    <groups>
    </groups>
    <test started-at="2022-11-30T12:03:44 IST" name="Default test" finished-at="2022-11-30T12:06:01 IST" duration-ms="137155">
      <class name="testCases.BasicTest">
        <test-method is-config="true" signature="beforeClass()[pri:0, instance:testCases.BasicTest@71238fc2]" started-at="2022-11-30T12:03:44 IST" name="beforeClass" finished-at="2022-11-30T12:03:55 IST" duration-ms="11283" status="PASS">
          <reporter-output>
          </reporter-output>
        </test-method> <!-- beforeClass -->
        <test-method signature="testValidSignup()[pri:0, instance:testCases.BasicTest@71238fc2]" started-at="2022-11-30T12:03:55 IST" name="testValidSignup" finished-at="2022-11-30T12:04:10 IST" duration-ms="15167" status="PASS">
          <reporter-output>
          </reporter-output>
        </test-method> <!-- testValidSignup -->
        <test-method signature="testGetUserBeforeLogin()[pri:1, instance:testCases.BasicTest@71238fc2]" started-at="2022-11-30T12:04:11 IST" name="testGetUserBeforeLogin" finished-at="2022-11-30T12:04:20 IST" duration-ms="9183" status="PASS">
          <reporter-output>
          </reporter-output>
        </test-method> <!-- testGetUserBeforeLogin -->
        <test-method signature="testValidLogin()[pri:2, instance:testCases.BasicTest@71238fc2]" started-at="2022-11-30T12:04:20 IST" name="testValidLogin" finished-at="2022-11-30T12:04:40 IST" duration-ms="20219" status="PASS">
          <reporter-output>
          </reporter-output>
        </test-method> <!-- testValidLogin -->
        <test-method signature="testGetUserAfterLogin()[pri:3, instance:testCases.BasicTest@71238fc2]" started-at="2022-11-30T12:04:40 IST" name="testGetUserAfterLogin" finished-at="2022-11-30T12:05:04 IST" duration-ms="23614" status="PASS">
          <reporter-output>
          </reporter-output>
        </test-method> <!-- testGetUserAfterLogin -->
        <test-method signature="testResetPassword()[pri:4, instance:testCases.BasicTest@71238fc2]" started-at="2022-11-30T12:05:04 IST" name="testResetPassword" finished-at="2022-11-30T12:05:13 IST" duration-ms="9723" status="PASS">
          <reporter-output>
          </reporter-output>
        </test-method> <!-- testResetPassword -->
        <test-method signature="testChangePassword()[pri:5, instance:testCases.BasicTest@71238fc2]" started-at="2022-11-30T12:05:13 IST" name="testChangePassword" finished-at="2022-11-30T12:06:01 IST" duration-ms="47305" status="FAIL">
          <exception class="org.openqa.selenium.NoSuchElementException">
            <message>
              <![CDATA[An element could not be located on the page using the given search parameters.
For documentation on this error, please visit: https://www.seleniumhq.org/exceptions/no_such_element.html
Build info: version: '3.141.59', revision: 'e82be7d358', time: '2018-11-14T08:17:03'
System info: host: 'Sanjayas-MacBook-Pro.local', ip: '2402:d000:8130:a002:108f:1fdb:d75f:f242%en0', os.name: 'Mac OS X', os.arch: 'x86_64', os.version: '12.6', java.version: '17.0.3'
Driver info: io.appium.java_client.AppiumDriver
Capabilities {appActivity: com.appspotr.MainActivity, appPackage: com.appspotr.app23442219130..., databaseEnabled: false, desired: {appActivity: com.appspotr.MainActivity, appPackage: com.appspotr.app23442219130..., deviceName: any device name, noReset: true, platformName: android}, deviceApiLevel: 33, deviceManufacturer: Google, deviceModel: Pixel 5a, deviceName: 1A091JEG501144, deviceScreenDensity: 420, deviceScreenSize: 1080x2400, deviceUDID: 1A091JEG501144, javascriptEnabled: true, locationContextEnabled: false, networkConnectionEnabled: true, noReset: true, pixelRatio: 2.625, platform: LINUX, platformName: Android, platformVersion: 13, statBarHeight: 136, takesScreenshot: true, viewportRect: {height: 2065, left: 0, top: 136, width: 1080}, warnings: {}, webStorageEnabled: false}
Session ID: 9102c848-9245-4027-8f17-aa11cebb324d
*** Element info: {Using=xpath, value=(//android.widget.Button[@content-desc=", "])[4]}]]>
            </message>
            <full-stacktrace>
              <![CDATA[org.openqa.selenium.NoSuchElementException: An element could not be located on the page using the given search parameters.
For documentation on this error, please visit: https://www.seleniumhq.org/exceptions/no_such_element.html
Build info: version: '3.141.59', revision: 'e82be7d358', time: '2018-11-14T08:17:03'
System info: host: 'Sanjayas-MacBook-Pro.local', ip: '2402:d000:8130:a002:108f:1fdb:d75f:f242%en0', os.name: 'Mac OS X', os.arch: 'x86_64', os.version: '12.6', java.version: '17.0.3'
Driver info: io.appium.java_client.AppiumDriver
Capabilities {appActivity: com.appspotr.MainActivity, appPackage: com.appspotr.app23442219130..., databaseEnabled: false, desired: {appActivity: com.appspotr.MainActivity, appPackage: com.appspotr.app23442219130..., deviceName: any device name, noReset: true, platformName: android}, deviceApiLevel: 33, deviceManufacturer: Google, deviceModel: Pixel 5a, deviceName: 1A091JEG501144, deviceScreenDensity: 420, deviceScreenSize: 1080x2400, deviceUDID: 1A091JEG501144, javascriptEnabled: true, locationContextEnabled: false, networkConnectionEnabled: true, noReset: true, pixelRatio: 2.625, platform: LINUX, platformName: Android, platformVersion: 13, statBarHeight: 136, takesScreenshot: true, viewportRect: {height: 2065, left: 0, top: 136, width: 1080}, warnings: {}, webStorageEnabled: false}
Session ID: 9102c848-9245-4027-8f17-aa11cebb324d
*** Element info: {Using=xpath, value=(//android.widget.Button[@content-desc=", "])[4]}
at java.base/jdk.internal.reflect.NativeConstructorAccessorImpl.newInstance0(Native Method)
at java.base/jdk.internal.reflect.NativeConstructorAccessorImpl.newInstance(NativeConstructorAccessorImpl.java:77)
at java.base/jdk.internal.reflect.DelegatingConstructorAccessorImpl.newInstance(DelegatingConstructorAccessorImpl.java:45)
at java.base/java.lang.reflect.Constructor.newInstanceWithCaller(Constructor.java:499)
at java.base/java.lang.reflect.Constructor.newInstance(Constructor.java:480)
at org.openqa.selenium.remote.http.W3CHttpResponseCodec.createException(W3CHttpResponseCodec.java:187)
at org.openqa.selenium.remote.http.W3CHttpResponseCodec.decode(W3CHttpResponseCodec.java:122)
at org.openqa.selenium.remote.http.W3CHttpResponseCodec.decode(W3CHttpResponseCodec.java:49)
at org.openqa.selenium.remote.HttpCommandExecutor.execute(HttpCommandExecutor.java:158)
at io.appium.java_client.remote.AppiumCommandExecutor.execute(AppiumCommandExecutor.java:250)
at org.openqa.selenium.remote.RemoteWebDriver.execute(RemoteWebDriver.java:552)
at io.appium.java_client.DefaultGenericMobileDriver.execute(DefaultGenericMobileDriver.java:41)
at io.appium.java_client.AppiumDriver.execute(AppiumDriver.java:1)
at org.openqa.selenium.remote.RemoteWebDriver.findElement(RemoteWebDriver.java:323)
at io.appium.java_client.DefaultGenericMobileDriver.findElement(DefaultGenericMobileDriver.java:61)
at io.appium.java_client.AppiumDriver.findElement(AppiumDriver.java:1)
at org.openqa.selenium.remote.RemoteWebDriver.findElementByXPath(RemoteWebDriver.java:428)
at io.appium.java_client.DefaultGenericMobileDriver.findElementByXPath(DefaultGenericMobileDriver.java:151)
at io.appium.java_client.AppiumDriver.findElementByXPath(AppiumDriver.java:1)
at org.openqa.selenium.By$ByXPath.findElement(By.java:353)
at org.openqa.selenium.remote.RemoteWebDriver.findElement(RemoteWebDriver.java:315)
at io.appium.java_client.DefaultGenericMobileDriver.findElement(DefaultGenericMobileDriver.java:57)
at io.appium.java_client.AppiumDriver.findElement(AppiumDriver.java:1)
at pageObjects.HomePage.clickLogot(HomePage.java:33)
at testCases.BasicTest.testChangePassword(BasicTest.java:203)
at java.base/jdk.internal.reflect.NativeMethodAccessorImpl.invoke0(Native Method)
at java.base/jdk.internal.reflect.NativeMethodAccessorImpl.invoke(NativeMethodAccessorImpl.java:77)
at java.base/jdk.internal.reflect.DelegatingMethodAccessorImpl.invoke(DelegatingMethodAccessorImpl.java:43)
at java.base/java.lang.reflect.Method.invoke(Method.java:568)
at org.testng.internal.MethodInvocationHelper.invokeMethod(MethodInvocationHelper.java:133)
at org.testng.internal.TestInvoker.invokeMethod(TestInvoker.java:598)
at org.testng.internal.TestInvoker.invokeTestMethod(TestInvoker.java:173)
at org.testng.internal.MethodRunner.runInSequence(MethodRunner.java:46)
at org.testng.internal.TestInvoker$MethodInvocationAgent.invoke(TestInvoker.java:824)
at org.testng.internal.TestInvoker.invokeTestMethods(TestInvoker.java:146)
at org.testng.internal.TestMethodWorker.invokeTestMethods(TestMethodWorker.java:146)
at org.testng.internal.TestMethodWorker.run(TestMethodWorker.java:128)
at java.base/java.util.ArrayList.forEach(ArrayList.java:1511)
at org.testng.TestRunner.privateRun(TestRunner.java:794)
at org.testng.TestRunner.run(TestRunner.java:596)
at org.testng.SuiteRunner.runTest(SuiteRunner.java:377)
at org.testng.SuiteRunner.runSequentially(SuiteRunner.java:371)
at org.testng.SuiteRunner.privateRun(SuiteRunner.java:332)
at org.testng.SuiteRunner.run(SuiteRunner.java:276)
at org.testng.SuiteRunnerWorker.runSuite(SuiteRunnerWorker.java:53)
at org.testng.SuiteRunnerWorker.run(SuiteRunnerWorker.java:96)
at org.testng.TestNG.runSuitesSequentially(TestNG.java:1212)
at org.testng.TestNG.runSuitesLocally(TestNG.java:1134)
at org.testng.TestNG.runSuites(TestNG.java:1063)
at org.testng.TestNG.run(TestNG.java:1031)
at org.testng.remote.AbstractRemoteTestNG.run(AbstractRemoteTestNG.java:115)
at org.testng.remote.RemoteTestNG.initAndRun(RemoteTestNG.java:251)
at org.testng.remote.RemoteTestNG.main(RemoteTestNG.java:77)
]]>
            </full-stacktrace>
          </exception> <!-- org.openqa.selenium.NoSuchElementException -->
          <reporter-output>
          </reporter-output>
        </test-method> <!-- testChangePassword -->
        <test-method is-config="true" signature="afterClass()[pri:0, instance:testCases.BasicTest@71238fc2]" started-at="2022-11-30T12:06:01 IST" name="afterClass" finished-at="2022-11-30T12:06:01 IST" duration-ms="480" status="PASS">
          <reporter-output>
          </reporter-output>
        </test-method> <!-- afterClass -->
      </class> <!-- testCases.BasicTest -->
    </test> <!-- Default test -->
  </suite> <!-- Default suite -->
</testng-results>
